<?xml version="1.0" encoding="UTF-8"?>
<testsuite name="net.absoft.discriminant.RootCheckerTest" tests="1" skipped="0" failures="0" errors="0" timestamp="2023-04-23T21:18:12" hostname="NB401" time="0.006">
  <properties/>
  <testcase name="discriminantNegative" classname="net.absoft.discriminant.RootCheckerTest" time="0.006"/>
  <system-out><![CDATA[]]></system-out>
  <system-err><![CDATA[]]></system-err>
</testsuite>
